\BOOKMARK [1][-]{section.1}{\376\377\000D\000e\000s\000k\000r\000i\000p\000s\000i\000\040\000P\000r\000o\000j\000e\000k}{}% 1
\BOOKMARK [1][-]{section.2}{\376\377\000A\000l\000a\000t\000\040\000d\000a\000n\000\040\000B\000a\000h\000a\000n}{}% 2
\BOOKMARK [2][-]{subsection.2.1}{\376\377\000P\000e\000r\000a\000n\000g\000k\000a\000t\000\040\000K\000e\000r\000a\000s}{section.2}% 3
\BOOKMARK [2][-]{subsection.2.2}{\376\377\000B\000a\000h\000a\000s\000a\000\040\000P\000e\000m\000r\000o\000g\000r\000a\000m\000a\000n}{section.2}% 4
\BOOKMARK [2][-]{subsection.2.3}{\376\377\000L\000i\000b\000r\000a\000r\000y}{section.2}% 5
\BOOKMARK [2][-]{subsection.2.4}{\376\377\000S\000t\000r\000u\000k\000t\000u\000r\000\040\000P\000r\000o\000y\000e\000k}{section.2}% 6
\BOOKMARK [1][-]{section.3}{\376\377\000P\000e\000n\000j\000e\000l\000a\000s\000a\000n}{}% 7
\BOOKMARK [2][-]{subsection.3.1}{\376\377\000S\000e\000t\000u\000p\000\040\000L\000i\000n\000g\000k\000u\000n\000g\000a\000n\000\040\000P\000e\000n\000g\000e\000m\000b\000a\000n\000g\000a\000n}{section.3}% 8
\BOOKMARK [2][-]{subsection.3.2}{\376\377\000I\000n\000s\000t\000a\000l\000a\000s\000i\000\040\000L\000i\000b\000r\000a\000r\000y}{section.3}% 9
\BOOKMARK [2][-]{subsection.3.3}{\376\377\000M\000e\000k\000a\000n\000i\000s\000m\000e\000\040\000K\000e\000r\000j\000a\000\040\000S\000i\000s\000t\000e\000m}{section.3}% 10
\BOOKMARK [2][-]{subsection.3.4}{\376\377\000H\000a\000n\000d\000\040\000T\000r\000a\000c\000k\000e\000r\000\040\000m\000e\000n\000g\000g\000u\000n\000a\000k\000a\000n\000\040\000M\000e\000d\000i\000a\000P\000i\000p\000e}{section.3}% 11
\BOOKMARK [2][-]{subsection.3.5}{\376\377\000W\000e\000b\000c\000a\000m\000\040\000P\000u\000z\000z\000l\000e}{section.3}% 12
\BOOKMARK [2][-]{subsection.3.6}{\376\377\000T\000a\000m\000p\000i\000l\000a\000n\000\040\000G\000a\000m\000e}{section.3}% 13
\BOOKMARK [2][-]{subsection.3.7}{\376\377\000P\000e\000m\000r\000o\000s\000e\000s\000a\000n\000\040\000S\000u\000a\000r\000a}{section.3}% 14
\BOOKMARK [2][-]{subsection.3.8}{\376\377\000P\000r\000o\000g\000r\000a\000m\000\040\000U\000t\000a\000m\000a}{section.3}% 15
\BOOKMARK [2][-]{subsection.3.9}{\376\377\000P\000e\000m\000b\000a\000h\000a\000s\000a\000n\000\040\000I\000m\000p\000l\000e\000m\000e\000n\000t\000a\000s\000i\000\040\000S\000i\000s\000t\000e\000m}{section.3}% 16
\BOOKMARK [3][-]{subsubsection.3.9.1}{\376\377\000D\000e\000t\000e\000k\000s\000i\000\040\000T\000a\000n\000g\000a\000n\000\040\000d\000a\000n\000\040\000G\000e\000s\000t\000u\000r\000e\000\040\000P\000i\000n\000c\000h}{subsection.3.9}% 17
\BOOKMARK [3][-]{subsubsection.3.9.2}{\376\377\000P\000e\000m\000o\000t\000o\000n\000g\000a\000n\000\040\000F\000r\000a\000m\000e\000\040\000W\000e\000b\000c\000a\000m\000\040\000M\000e\000n\000j\000a\000d\000i\000\040\000P\000u\000z\000z\000l\000e}{subsection.3.9}% 18
\BOOKMARK [3][-]{subsubsection.3.9.3}{\376\377\000M\000e\000k\000a\000n\000i\000s\000m\000e\000\040\000P\000e\000r\000t\000u\000k\000a\000r\000a\000n\000\040\000P\000o\000t\000o\000n\000g\000a\000n\000\040\000P\000u\000z\000z\000l\000e}{subsection.3.9}% 19
\BOOKMARK [3][-]{subsubsection.3.9.4}{\376\377\000P\000r\000o\000s\000e\000s\000\040\000R\000e\000n\000d\000e\000r\000i\000n\000g\000\040\000T\000a\000m\000p\000i\000l\000a\000n\000\040\000P\000u\000z\000z\000l\000e}{subsection.3.9}% 20
\BOOKMARK [3][-]{subsubsection.3.9.5}{\376\377\000U\000m\000p\000a\000n\000\040\000B\000a\000l\000i\000k\000\040\000A\000u\000d\000i\000o}{subsection.3.9}% 21
\BOOKMARK [3][-]{subsubsection.3.9.6}{\376\377\000A\000l\000u\000r\000\040\000P\000r\000o\000g\000r\000a\000m\000\040\000U\000t\000a\000m\000a}{subsection.3.9}% 22
\BOOKMARK [2][-]{subsection.3.10}{\376\377\000A\000n\000a\000l\000i\000s\000i\000s\000\040\000P\000e\000r\000f\000o\000r\000m\000a\000\040\000S\000i\000s\000t\000e\000m}{section.3}% 23
\BOOKMARK [2][-]{subsection.3.11}{\376\377\000K\000e\000t\000e\000r\000b\000a\000t\000a\000s\000a\000n\000\040\000I\000m\000p\000l\000e\000m\000e\000n\000t\000a\000s\000i}{section.3}% 24
\BOOKMARK [1][-]{section.4}{\376\377\000H\000a\000s\000i\000l}{}% 25
\BOOKMARK [1][-]{section.5}{\376\377\000K\000e\000s\000i\000m\000p\000u\000l\000a\000n}{}% 26
